<?xml version="1.0" encoding="UTF-8"?>
<!-- Generated by org.testng.reporters.JUnitXMLReporter -->
<testsuite ignored="1" hostname="LAPTOP-5TIT49CS" failures="0" tests="8" name="Test" time="21.109" errors="0" timestamp="2024-10-24T10:32:19 IST">
  <testcase classname="com.Hrms.tests.TestPIMPage" name="addEmployee" time="15.49"/>
  <testcase classname="com.Hrms.tests.TestPIMPage" name="editEmployeeDetails" time="0.004"/>
  <testcase classname="com.Hrms.tests.TestPIMPage" name="deleteEmployee" time="0.005"/>
  <testcase classname="com.Hrms.tests.TestPIMPage" name="viewEmployeeList" time="0.005"/>
  <testcase classname="com.Hrms.tests.TestPIMPage" name="addEmployeePhotos" time="0.005"/>
  <testcase classname="com.Hrms.tests.TestPIMPage" name="viewEmployeeDetails" time="0.006"/>
  <testcase classname="com.Hrms.tests.TestPIMPage" name="editEmploymentStatus" time="0.002"/>
  <testcase classname="com.Hrms.tests.TestPIMPage" name="filterEmployeeList" time="0.002"/>
  <testcase classname="com.Hrms.tests.TestPIMPage" name="searchEmployee" time="0.0">
    <ignored/>
  </testcase> <!-- searchEmployee -->
</testsuite> <!-- Test -->
